2023-07-28 12:20:36,396 INFO Job loop started
2023-07-28 12:20:36,396 INFO Job loop started
2023-07-28 12:20:36,396 INFO Job loop started
2023-07-28 12:20:36,398 INFO Job create_tmp_dir started
2023-07-28 12:20:36,398 INFO Job create_tmp_dir started
2023-07-28 12:20:36,398 INFO Job create_tmp_dir started
2023-07-28 12:20:36,399 INFO Start create_dir
2023-07-28 12:20:36,399 INFO Start create_dir
2023-07-28 12:20:36,399 INFO Start create_dir
2023-07-28 12:20:36,401 INFO Success create_dir
2023-07-28 12:20:36,401 INFO Success create_dir
2023-07-28 12:20:36,401 INFO Success create_dir
2023-07-28 12:20:36,403 INFO Job create_tmp_dir finish work
2023-07-28 12:20:36,403 INFO Job create_tmp_dir finish work
2023-07-28 12:20:36,403 INFO Job create_tmp_dir finish work
2023-07-28 12:20:36,405 INFO Job job_with_error started
2023-07-28 12:20:36,405 INFO Job job_with_error started
2023-07-28 12:20:36,405 INFO Job job_with_error started
2023-07-28 12:20:36,406 INFO Start job_with_error
2023-07-28 12:20:36,406 INFO Start job_with_error
2023-07-28 12:20:36,406 INFO Start job_with_error
2023-07-28 12:20:36,408 ERROR Job job_with_error is fail, attempts retries 3
Traceback (most recent call last):
  File "C:\Users\ASUS\Desktop\asyncio\async-python-sprint-2\scheduler.py", line 54, in run
    self.handle_job(job)
  File "C:\Users\ASUS\Desktop\asyncio\async-python-sprint-2\scheduler.py", line 42, in handle_job
    gen = job.run()
  File "C:\Users\ASUS\Desktop\asyncio\async-python-sprint-2\job.py", line 15, in inner
    g.send(None)
  File "C:\Users\ASUS\Desktop\asyncio\async-python-sprint-2\job.py", line 68, in run
    yield from self.target(*self.__args, **self.__kwargs)
  File "C:\Users\ASUS\Desktop\asyncio\async-python-sprint-2\func.py", line 53, in job_with_error
    raise ValueError
ValueError
2023-07-28 12:20:36,408 ERROR Job job_with_error is fail, attempts retries 3
Traceback (most recent call last):
  File "C:\Users\ASUS\Desktop\asyncio\async-python-sprint-2\scheduler.py", line 54, in run
    self.handle_job(job)
  File "C:\Users\ASUS\Desktop\asyncio\async-python-sprint-2\scheduler.py", line 42, in handle_job
    gen = job.run()
  File "C:\Users\ASUS\Desktop\asyncio\async-python-sprint-2\job.py", line 15, in inner
    g.send(None)
  File "C:\Users\ASUS\Desktop\asyncio\async-python-sprint-2\job.py", line 68, in run
    yield from self.target(*self.__args, **self.__kwargs)
  File "C:\Users\ASUS\Desktop\asyncio\async-python-sprint-2\func.py", line 53, in job_with_error
    raise ValueError
ValueError
2023-07-28 12:20:36,408 ERROR Job job_with_error is fail, attempts retries 3
Traceback (most recent call last):
  File "C:\Users\ASUS\Desktop\asyncio\async-python-sprint-2\scheduler.py", line 54, in run
    self.handle_job(job)
  File "C:\Users\ASUS\Desktop\asyncio\async-python-sprint-2\scheduler.py", line 42, in handle_job
    gen = job.run()
  File "C:\Users\ASUS\Desktop\asyncio\async-python-sprint-2\job.py", line 15, in inner
    g.send(None)
  File "C:\Users\ASUS\Desktop\asyncio\async-python-sprint-2\job.py", line 68, in run
    yield from self.target(*self.__args, **self.__kwargs)
  File "C:\Users\ASUS\Desktop\asyncio\async-python-sprint-2\func.py", line 53, in job_with_error
    raise ValueError
ValueError
2023-07-28 12:20:36,419 INFO Job create_file started
2023-07-28 12:20:36,419 INFO Job create_file started
2023-07-28 12:20:36,419 INFO Job create_file started
2023-07-28 12:20:36,421 INFO Start create_file
2023-07-28 12:20:36,421 INFO Start create_file
2023-07-28 12:20:36,421 INFO Start create_file
2023-07-28 12:20:36,423 INFO Get response in create_file
2023-07-28 12:20:36,423 INFO Get response in create_file
2023-07-28 12:20:36,423 INFO Get response in create_file
2023-07-28 12:20:36,773 INFO Job job_with_error started
2023-07-28 12:20:36,773 INFO Job job_with_error started
2023-07-28 12:20:36,773 INFO Job job_with_error started
2023-07-28 12:20:36,775 INFO Start job_with_error
2023-07-28 12:20:36,775 INFO Start job_with_error
2023-07-28 12:20:36,775 INFO Start job_with_error
2023-07-28 12:20:36,777 ERROR Job job_with_error is fail, attempts retries 2
Traceback (most recent call last):
  File "C:\Users\ASUS\Desktop\asyncio\async-python-sprint-2\scheduler.py", line 54, in run
    self.handle_job(job)
  File "C:\Users\ASUS\Desktop\asyncio\async-python-sprint-2\scheduler.py", line 42, in handle_job
    gen = job.run()
  File "C:\Users\ASUS\Desktop\asyncio\async-python-sprint-2\job.py", line 15, in inner
    g.send(None)
  File "C:\Users\ASUS\Desktop\asyncio\async-python-sprint-2\job.py", line 68, in run
    yield from self.target(*self.__args, **self.__kwargs)
  File "C:\Users\ASUS\Desktop\asyncio\async-python-sprint-2\func.py", line 53, in job_with_error
    raise ValueError
ValueError
2023-07-28 12:20:36,777 ERROR Job job_with_error is fail, attempts retries 2
Traceback (most recent call last):
  File "C:\Users\ASUS\Desktop\asyncio\async-python-sprint-2\scheduler.py", line 54, in run
    self.handle_job(job)
  File "C:\Users\ASUS\Desktop\asyncio\async-python-sprint-2\scheduler.py", line 42, in handle_job
    gen = job.run()
  File "C:\Users\ASUS\Desktop\asyncio\async-python-sprint-2\job.py", line 15, in inner
    g.send(None)
  File "C:\Users\ASUS\Desktop\asyncio\async-python-sprint-2\job.py", line 68, in run
    yield from self.target(*self.__args, **self.__kwargs)
  File "C:\Users\ASUS\Desktop\asyncio\async-python-sprint-2\func.py", line 53, in job_with_error
    raise ValueError
ValueError
2023-07-28 12:20:36,777 ERROR Job job_with_error is fail, attempts retries 2
Traceback (most recent call last):
  File "C:\Users\ASUS\Desktop\asyncio\async-python-sprint-2\scheduler.py", line 54, in run
    self.handle_job(job)
  File "C:\Users\ASUS\Desktop\asyncio\async-python-sprint-2\scheduler.py", line 42, in handle_job
    gen = job.run()
  File "C:\Users\ASUS\Desktop\asyncio\async-python-sprint-2\job.py", line 15, in inner
    g.send(None)
  File "C:\Users\ASUS\Desktop\asyncio\async-python-sprint-2\job.py", line 68, in run
    yield from self.target(*self.__args, **self.__kwargs)
  File "C:\Users\ASUS\Desktop\asyncio\async-python-sprint-2\func.py", line 53, in job_with_error
    raise ValueError
ValueError
2023-07-28 12:20:36,788 INFO create_file: Save to file
2023-07-28 12:20:36,788 INFO create_file: Save to file
2023-07-28 12:20:36,788 INFO create_file: Save to file
2023-07-28 12:20:36,791 INFO Success create_file
2023-07-28 12:20:36,791 INFO Success create_file
2023-07-28 12:20:36,791 INFO Success create_file
2023-07-28 12:20:36,793 INFO Job create_file finish work
2023-07-28 12:20:36,793 INFO Job create_file finish work
2023-07-28 12:20:36,793 INFO Job create_file finish work
2023-07-28 12:20:36,795 INFO Job job_with_error started
2023-07-28 12:20:36,795 INFO Job job_with_error started
2023-07-28 12:20:36,795 INFO Job job_with_error started
2023-07-28 12:20:36,796 INFO Start job_with_error
2023-07-28 12:20:36,796 INFO Start job_with_error
2023-07-28 12:20:36,796 INFO Start job_with_error
2023-07-28 12:20:36,798 ERROR Job job_with_error is fail, attempts retries 1
Traceback (most recent call last):
  File "C:\Users\ASUS\Desktop\asyncio\async-python-sprint-2\scheduler.py", line 54, in run
    self.handle_job(job)
  File "C:\Users\ASUS\Desktop\asyncio\async-python-sprint-2\scheduler.py", line 42, in handle_job
    gen = job.run()
  File "C:\Users\ASUS\Desktop\asyncio\async-python-sprint-2\job.py", line 15, in inner
    g.send(None)
  File "C:\Users\ASUS\Desktop\asyncio\async-python-sprint-2\job.py", line 68, in run
    yield from self.target(*self.__args, **self.__kwargs)
  File "C:\Users\ASUS\Desktop\asyncio\async-python-sprint-2\func.py", line 53, in job_with_error
    raise ValueError
ValueError
2023-07-28 12:20:36,798 ERROR Job job_with_error is fail, attempts retries 1
Traceback (most recent call last):
  File "C:\Users\ASUS\Desktop\asyncio\async-python-sprint-2\scheduler.py", line 54, in run
    self.handle_job(job)
  File "C:\Users\ASUS\Desktop\asyncio\async-python-sprint-2\scheduler.py", line 42, in handle_job
    gen = job.run()
  File "C:\Users\ASUS\Desktop\asyncio\async-python-sprint-2\job.py", line 15, in inner
    g.send(None)
  File "C:\Users\ASUS\Desktop\asyncio\async-python-sprint-2\job.py", line 68, in run
    yield from self.target(*self.__args, **self.__kwargs)
  File "C:\Users\ASUS\Desktop\asyncio\async-python-sprint-2\func.py", line 53, in job_with_error
    raise ValueError
ValueError
2023-07-28 12:20:36,798 ERROR Job job_with_error is fail, attempts retries 1
Traceback (most recent call last):
  File "C:\Users\ASUS\Desktop\asyncio\async-python-sprint-2\scheduler.py", line 54, in run
    self.handle_job(job)
  File "C:\Users\ASUS\Desktop\asyncio\async-python-sprint-2\scheduler.py", line 42, in handle_job
    gen = job.run()
  File "C:\Users\ASUS\Desktop\asyncio\async-python-sprint-2\job.py", line 15, in inner
    g.send(None)
  File "C:\Users\ASUS\Desktop\asyncio\async-python-sprint-2\job.py", line 68, in run
    yield from self.target(*self.__args, **self.__kwargs)
  File "C:\Users\ASUS\Desktop\asyncio\async-python-sprint-2\func.py", line 53, in job_with_error
    raise ValueError
ValueError
2023-07-28 12:20:36,810 INFO Job delete_tmp_dir started
2023-07-28 12:20:36,810 INFO Job delete_tmp_dir started
2023-07-28 12:20:36,810 INFO Job delete_tmp_dir started
2023-07-28 12:20:36,812 INFO Start delete_dir
2023-07-28 12:20:36,812 INFO Start delete_dir
2023-07-28 12:20:36,812 INFO Start delete_dir
2023-07-28 12:20:36,814 INFO Success delete_dir
2023-07-28 12:20:36,814 INFO Success delete_dir
2023-07-28 12:20:36,814 INFO Success delete_dir
2023-07-28 12:20:36,816 INFO Job delete_tmp_dir finish work
2023-07-28 12:20:36,816 INFO Job delete_tmp_dir finish work
2023-07-28 12:20:36,816 INFO Job delete_tmp_dir finish work
2023-07-28 12:20:36,818 INFO Job job_with_error started
2023-07-28 12:20:36,818 INFO Job job_with_error started
2023-07-28 12:20:36,818 INFO Job job_with_error started
2023-07-28 12:20:36,819 INFO Start job_with_error
2023-07-28 12:20:36,819 INFO Start job_with_error
2023-07-28 12:20:36,819 INFO Start job_with_error
2023-07-28 12:20:36,821 ERROR Job job_with_error is fail, attempts retries 0
Traceback (most recent call last):
  File "C:\Users\ASUS\Desktop\asyncio\async-python-sprint-2\scheduler.py", line 54, in run
    self.handle_job(job)
  File "C:\Users\ASUS\Desktop\asyncio\async-python-sprint-2\scheduler.py", line 42, in handle_job
    gen = job.run()
  File "C:\Users\ASUS\Desktop\asyncio\async-python-sprint-2\job.py", line 15, in inner
    g.send(None)
  File "C:\Users\ASUS\Desktop\asyncio\async-python-sprint-2\job.py", line 68, in run
    yield from self.target(*self.__args, **self.__kwargs)
  File "C:\Users\ASUS\Desktop\asyncio\async-python-sprint-2\func.py", line 53, in job_with_error
    raise ValueError
ValueError
2023-07-28 12:20:36,821 ERROR Job job_with_error is fail, attempts retries 0
Traceback (most recent call last):
  File "C:\Users\ASUS\Desktop\asyncio\async-python-sprint-2\scheduler.py", line 54, in run
    self.handle_job(job)
  File "C:\Users\ASUS\Desktop\asyncio\async-python-sprint-2\scheduler.py", line 42, in handle_job
    gen = job.run()
  File "C:\Users\ASUS\Desktop\asyncio\async-python-sprint-2\job.py", line 15, in inner
    g.send(None)
  File "C:\Users\ASUS\Desktop\asyncio\async-python-sprint-2\job.py", line 68, in run
    yield from self.target(*self.__args, **self.__kwargs)
  File "C:\Users\ASUS\Desktop\asyncio\async-python-sprint-2\func.py", line 53, in job_with_error
    raise ValueError
ValueError
2023-07-28 12:20:36,821 ERROR Job job_with_error is fail, attempts retries 0
Traceback (most recent call last):
  File "C:\Users\ASUS\Desktop\asyncio\async-python-sprint-2\scheduler.py", line 54, in run
    self.handle_job(job)
  File "C:\Users\ASUS\Desktop\asyncio\async-python-sprint-2\scheduler.py", line 42, in handle_job
    gen = job.run()
  File "C:\Users\ASUS\Desktop\asyncio\async-python-sprint-2\job.py", line 15, in inner
    g.send(None)
  File "C:\Users\ASUS\Desktop\asyncio\async-python-sprint-2\job.py", line 68, in run
    yield from self.target(*self.__args, **self.__kwargs)
  File "C:\Users\ASUS\Desktop\asyncio\async-python-sprint-2\func.py", line 53, in job_with_error
    raise ValueError
ValueError
2023-07-28 12:20:36,869 INFO Job loop finish work
2023-07-28 12:20:36,869 INFO Job loop finish work
2023-07-28 12:20:36,869 INFO Job loop finish work
2023-07-28 12:20:41,397 INFO Job long_time_job started
2023-07-28 12:20:41,397 INFO Job long_time_job started
2023-07-28 12:20:41,397 INFO Job long_time_job started
2023-07-28 12:20:41,398 INFO Start long_time_job
2023-07-28 12:20:41,398 INFO Start long_time_job
2023-07-28 12:20:41,398 INFO Start long_time_job
2023-07-28 12:26:42,207 INFO Job loop started
2023-07-28 12:26:42,207 INFO Job loop started
2023-07-28 12:26:42,207 INFO Job loop started
2023-07-28 12:26:42,210 INFO Job loop started
2023-07-28 12:26:42,210 INFO Job loop started
2023-07-28 12:26:42,210 INFO Job loop started
2023-07-28 12:26:42,211 INFO Job loop finish so long
2023-07-28 12:26:42,211 INFO Job loop finish so long
2023-07-28 12:26:42,211 INFO Job loop finish so long
2023-07-28 12:26:42,219 INFO Job loop finish work
2023-07-28 12:26:42,219 INFO Job loop finish work
2023-07-28 12:26:42,219 INFO Job loop finish work
2023-07-28 12:27:52,897 INFO Job loop started
2023-07-28 12:27:52,897 INFO Job loop started
2023-07-28 12:27:52,897 INFO Job loop started
2023-07-28 12:27:52,898 INFO Job delete_tmp_dir started
2023-07-28 12:27:52,898 INFO Job delete_tmp_dir started
2023-07-28 12:27:52,898 INFO Job delete_tmp_dir started
2023-07-28 12:27:52,899 INFO Start delete_dir
2023-07-28 12:27:52,899 INFO Start delete_dir
2023-07-28 12:27:52,899 INFO Start delete_dir
2023-07-28 12:27:52,901 INFO Job create_file started
2023-07-28 12:27:52,901 INFO Job create_file started
2023-07-28 12:27:52,901 INFO Job create_file started
2023-07-28 12:27:52,902 INFO Start create_file
2023-07-28 12:27:52,902 INFO Start create_file
2023-07-28 12:27:52,902 INFO Start create_file
2023-07-28 12:27:52,904 INFO Job long_time_job started
2023-07-28 12:27:52,904 INFO Job long_time_job started
2023-07-28 12:27:52,904 INFO Job long_time_job started
2023-07-28 12:27:52,905 INFO Start long_time_job
2023-07-28 12:27:52,905 INFO Start long_time_job
2023-07-28 12:27:52,905 INFO Start long_time_job
2023-07-28 12:27:55,914 INFO Job create_tmp_dir started
2023-07-28 12:27:55,914 INFO Job create_tmp_dir started
2023-07-28 12:27:55,914 INFO Job create_tmp_dir started
2023-07-28 12:27:55,915 INFO Start create_dir
2023-07-28 12:27:55,915 INFO Start create_dir
2023-07-28 12:27:55,915 INFO Start create_dir
2023-07-28 12:27:55,916 INFO Job job_with_error started
2023-07-28 12:27:55,916 INFO Job job_with_error started
2023-07-28 12:27:55,916 INFO Job job_with_error started
2023-07-28 12:27:55,917 INFO Start job_with_error
2023-07-28 12:27:55,917 INFO Start job_with_error
2023-07-28 12:27:55,917 INFO Start job_with_error
2023-07-28 12:31:27,388 INFO Job loop started
2023-07-28 12:31:27,388 INFO Job loop started
2023-07-28 12:31:27,388 INFO Job loop started
2023-07-28 12:31:36,999 INFO Job loop started
2023-07-28 12:31:36,999 INFO Job loop started
2023-07-28 12:31:36,999 INFO Job loop started
2023-07-28 12:31:37,000 INFO Job delete_tmp_dir started
2023-07-28 12:31:37,000 INFO Job delete_tmp_dir started
2023-07-28 12:31:37,000 INFO Job delete_tmp_dir started
2023-07-28 12:31:37,001 INFO Start delete_dir
2023-07-28 12:31:37,001 INFO Start delete_dir
2023-07-28 12:31:37,001 INFO Start delete_dir
2023-07-28 12:31:37,003 INFO Job create_file started
2023-07-28 12:31:37,003 INFO Job create_file started
2023-07-28 12:31:37,003 INFO Job create_file started
2023-07-28 12:31:37,004 INFO Start create_file
2023-07-28 12:31:37,004 INFO Start create_file
2023-07-28 12:31:37,004 INFO Start create_file
2023-07-28 12:31:37,006 INFO Job long_time_job started
2023-07-28 12:31:37,006 INFO Job long_time_job started
2023-07-28 12:31:37,006 INFO Job long_time_job started
2023-07-28 12:31:37,007 INFO Start long_time_job
2023-07-28 12:31:37,007 INFO Start long_time_job
2023-07-28 12:31:37,007 INFO Start long_time_job
2023-07-28 12:31:40,022 INFO Job create_tmp_dir started
2023-07-28 12:31:40,022 INFO Job create_tmp_dir started
2023-07-28 12:31:40,022 INFO Job create_tmp_dir started
2023-07-28 12:31:40,023 INFO Start create_dir
2023-07-28 12:31:40,023 INFO Start create_dir
2023-07-28 12:31:40,023 INFO Start create_dir
2023-07-28 12:31:40,024 INFO Job job_with_error started
2023-07-28 12:31:40,024 INFO Job job_with_error started
2023-07-28 12:31:40,024 INFO Job job_with_error started
2023-07-28 12:31:40,026 INFO Start job_with_error
2023-07-28 12:31:40,026 INFO Start job_with_error
2023-07-28 12:31:40,026 INFO Start job_with_error
2023-07-28 12:33:36,819 INFO Job loop started
2023-07-28 12:33:36,819 INFO Job loop started
2023-07-28 12:33:36,819 INFO Job loop started
2023-07-28 12:33:36,820 INFO Job delete_tmp_dir started
2023-07-28 12:33:36,820 INFO Job delete_tmp_dir started
2023-07-28 12:33:36,820 INFO Job delete_tmp_dir started
2023-07-28 12:33:36,822 INFO Start delete_dir
2023-07-28 12:33:36,822 INFO Start delete_dir
2023-07-28 12:33:36,822 INFO Start delete_dir
2023-07-28 12:33:36,823 INFO Job create_file started
2023-07-28 12:33:36,823 INFO Job create_file started
2023-07-28 12:33:36,823 INFO Job create_file started
2023-07-28 12:33:36,825 INFO Start create_file
2023-07-28 12:33:36,825 INFO Start create_file
2023-07-28 12:33:36,825 INFO Start create_file
2023-07-28 12:33:36,826 INFO Job long_time_job started
2023-07-28 12:33:36,826 INFO Job long_time_job started
2023-07-28 12:33:36,826 INFO Job long_time_job started
2023-07-28 12:33:36,828 INFO Start long_time_job
2023-07-28 12:33:36,828 INFO Start long_time_job
2023-07-28 12:33:36,828 INFO Start long_time_job
2023-07-28 12:33:39,833 INFO Job create_tmp_dir started
2023-07-28 12:33:39,833 INFO Job create_tmp_dir started
2023-07-28 12:33:39,833 INFO Job create_tmp_dir started
2023-07-28 12:33:39,834 INFO Start create_dir
2023-07-28 12:33:39,834 INFO Start create_dir
2023-07-28 12:33:39,834 INFO Start create_dir
2023-07-28 12:33:39,836 INFO Job job_with_error started
2023-07-28 12:33:39,836 INFO Job job_with_error started
2023-07-28 12:33:39,836 INFO Job job_with_error started
2023-07-28 12:33:39,838 INFO Start job_with_error
2023-07-28 12:33:39,838 INFO Start job_with_error
2023-07-28 12:33:39,838 INFO Start job_with_error
2023-07-28 12:33:50,428 INFO Job loop started
2023-07-28 12:33:50,428 INFO Job loop started
2023-07-28 12:33:50,428 INFO Job loop started
2023-07-28 12:33:50,429 INFO Job delete_tmp_dir started
2023-07-28 12:33:50,429 INFO Job delete_tmp_dir started
2023-07-28 12:33:50,429 INFO Job delete_tmp_dir started
2023-07-28 12:33:50,431 INFO Start delete_dir
2023-07-28 12:33:50,431 INFO Start delete_dir
2023-07-28 12:33:50,431 INFO Start delete_dir
2023-07-28 12:33:50,432 INFO Job create_file started
2023-07-28 12:33:50,432 INFO Job create_file started
2023-07-28 12:33:50,432 INFO Job create_file started
2023-07-28 12:33:50,434 INFO Start create_file
2023-07-28 12:33:50,434 INFO Start create_file
2023-07-28 12:33:50,434 INFO Start create_file
2023-07-28 12:33:50,435 INFO Job long_time_job started
2023-07-28 12:33:50,435 INFO Job long_time_job started
2023-07-28 12:33:50,435 INFO Job long_time_job started
2023-07-28 12:33:50,437 INFO Start long_time_job
2023-07-28 12:33:50,437 INFO Start long_time_job
2023-07-28 12:33:50,437 INFO Start long_time_job
2023-07-28 12:33:53,453 INFO Job create_tmp_dir started
2023-07-28 12:33:53,453 INFO Job create_tmp_dir started
2023-07-28 12:33:53,453 INFO Job create_tmp_dir started
2023-07-28 12:33:53,454 INFO Start create_dir
2023-07-28 12:33:53,454 INFO Start create_dir
2023-07-28 12:33:53,454 INFO Start create_dir
2023-07-28 12:33:53,455 INFO Job job_with_error started
2023-07-28 12:33:53,455 INFO Job job_with_error started
2023-07-28 12:33:53,455 INFO Job job_with_error started
2023-07-28 12:33:53,457 INFO Start job_with_error
2023-07-28 12:33:53,457 INFO Start job_with_error
2023-07-28 12:33:53,457 INFO Start job_with_error
2023-07-28 12:39:28,354 INFO Job loop started
2023-07-28 12:39:28,354 INFO Job loop started
2023-07-28 12:39:28,354 INFO Job loop started
2023-07-28 12:39:28,357 INFO Job Mock started
2023-07-28 12:39:28,357 INFO Job Mock started
2023-07-28 12:39:28,357 INFO Job Mock started
2023-07-28 12:39:28,360 INFO Job loop started
2023-07-28 12:39:28,360 INFO Job loop started
2023-07-28 12:39:28,360 INFO Job loop started
2023-07-28 12:39:28,361 INFO Job loop started
2023-07-28 12:39:28,361 INFO Job loop started
2023-07-28 12:39:28,361 INFO Job loop started
2023-07-28 12:39:28,364 INFO Job loop started
2023-07-28 12:39:28,364 INFO Job loop started
2023-07-28 12:39:28,364 INFO Job loop started
2023-07-28 12:39:28,369 INFO Job Mock started
2023-07-28 12:39:28,369 INFO Job Mock started
2023-07-28 12:39:28,369 INFO Job Mock started
2023-07-28 12:39:28,373 INFO Job loop started
2023-07-28 12:39:28,373 INFO Job loop started
2023-07-28 12:39:28,373 INFO Job loop started
2023-07-28 12:39:56,491 INFO Job loop started
2023-07-28 12:39:56,491 INFO Job loop started
2023-07-28 12:39:56,491 INFO Job loop started
2023-07-28 12:39:56,492 INFO Job delete_tmp_dir started
2023-07-28 12:39:56,492 INFO Job delete_tmp_dir started
2023-07-28 12:39:56,492 INFO Job delete_tmp_dir started
2023-07-28 12:39:56,494 INFO Start delete_dir
2023-07-28 12:39:56,494 INFO Start delete_dir
2023-07-28 12:39:56,494 INFO Start delete_dir
2023-07-28 12:39:56,495 INFO Job create_file started
2023-07-28 12:39:56,495 INFO Job create_file started
2023-07-28 12:39:56,495 INFO Job create_file started
2023-07-28 12:39:56,496 INFO Start create_file
2023-07-28 12:39:56,496 INFO Start create_file
2023-07-28 12:39:56,496 INFO Start create_file
2023-07-28 12:39:56,497 INFO Job long_time_job started
2023-07-28 12:39:56,497 INFO Job long_time_job started
2023-07-28 12:39:56,497 INFO Job long_time_job started
2023-07-28 12:39:56,499 INFO Start long_time_job
2023-07-28 12:39:56,499 INFO Start long_time_job
2023-07-28 12:39:56,499 INFO Start long_time_job
2023-07-28 12:39:59,510 INFO Job create_tmp_dir started
2023-07-28 12:39:59,510 INFO Job create_tmp_dir started
2023-07-28 12:39:59,510 INFO Job create_tmp_dir started
2023-07-28 12:39:59,511 INFO Start create_dir
2023-07-28 12:39:59,511 INFO Start create_dir
2023-07-28 12:39:59,511 INFO Start create_dir
2023-07-28 12:39:59,512 INFO Job job_with_error started
2023-07-28 12:39:59,512 INFO Job job_with_error started
2023-07-28 12:39:59,512 INFO Job job_with_error started
2023-07-28 12:39:59,514 INFO Start job_with_error
2023-07-28 12:39:59,514 INFO Start job_with_error
2023-07-28 12:39:59,514 INFO Start job_with_error
2023-07-28 12:40:09,068 INFO Job loop started
2023-07-28 12:40:09,068 INFO Job loop started
2023-07-28 12:40:09,068 INFO Job loop started
2023-07-28 12:40:09,069 INFO Job delete_tmp_dir started
2023-07-28 12:40:09,069 INFO Job delete_tmp_dir started
2023-07-28 12:40:09,069 INFO Job delete_tmp_dir started
2023-07-28 12:40:09,071 INFO Start delete_dir
2023-07-28 12:40:09,071 INFO Start delete_dir
2023-07-28 12:40:09,071 INFO Start delete_dir
2023-07-28 12:40:09,072 INFO Job create_file started
2023-07-28 12:40:09,072 INFO Job create_file started
2023-07-28 12:40:09,072 INFO Job create_file started
2023-07-28 12:40:09,074 INFO Start create_file
2023-07-28 12:40:09,074 INFO Start create_file
2023-07-28 12:40:09,074 INFO Start create_file
2023-07-28 12:40:09,075 INFO Job long_time_job started
2023-07-28 12:40:09,075 INFO Job long_time_job started
2023-07-28 12:40:09,075 INFO Job long_time_job started
2023-07-28 12:40:09,076 INFO Start long_time_job
2023-07-28 12:40:09,076 INFO Start long_time_job
2023-07-28 12:40:09,076 INFO Start long_time_job
2023-07-28 12:40:12,080 INFO Job create_tmp_dir started
2023-07-28 12:40:12,080 INFO Job create_tmp_dir started
2023-07-28 12:40:12,080 INFO Job create_tmp_dir started
2023-07-28 12:40:12,081 INFO Start create_dir
2023-07-28 12:40:12,081 INFO Start create_dir
2023-07-28 12:40:12,081 INFO Start create_dir
2023-07-28 12:40:12,082 INFO Job job_with_error started
2023-07-28 12:40:12,082 INFO Job job_with_error started
2023-07-28 12:40:12,082 INFO Job job_with_error started
2023-07-28 12:40:12,083 INFO Start job_with_error
2023-07-28 12:40:12,083 INFO Start job_with_error
2023-07-28 12:40:12,083 INFO Start job_with_error
2023-07-28 12:41:25,521 INFO Job loop started
2023-07-28 12:41:25,521 INFO Job loop started
2023-07-28 12:41:25,521 INFO Job loop started
2023-07-28 12:41:25,523 INFO Job delete_tmp_dir started
2023-07-28 12:41:25,523 INFO Job delete_tmp_dir started
2023-07-28 12:41:25,523 INFO Job delete_tmp_dir started
2023-07-28 12:41:25,524 INFO Start delete_dir
2023-07-28 12:41:25,524 INFO Start delete_dir
2023-07-28 12:41:25,524 INFO Start delete_dir
2023-07-28 12:41:25,525 INFO Job create_file started
2023-07-28 12:41:25,525 INFO Job create_file started
2023-07-28 12:41:25,525 INFO Job create_file started
2023-07-28 12:41:25,526 INFO Start create_file
2023-07-28 12:41:25,526 INFO Start create_file
2023-07-28 12:41:25,526 INFO Start create_file
2023-07-28 12:41:25,528 INFO Job long_time_job started
2023-07-28 12:41:25,528 INFO Job long_time_job started
2023-07-28 12:41:25,528 INFO Job long_time_job started
2023-07-28 12:41:25,529 INFO Start long_time_job
2023-07-28 12:41:25,529 INFO Start long_time_job
2023-07-28 12:41:25,529 INFO Start long_time_job
2023-07-28 12:41:28,532 INFO Job create_tmp_dir started
2023-07-28 12:41:28,532 INFO Job create_tmp_dir started
2023-07-28 12:41:28,532 INFO Job create_tmp_dir started
2023-07-28 12:41:28,533 INFO Start create_dir
2023-07-28 12:41:28,533 INFO Start create_dir
2023-07-28 12:41:28,533 INFO Start create_dir
2023-07-28 12:41:28,534 INFO Job job_with_error started
2023-07-28 12:41:28,534 INFO Job job_with_error started
2023-07-28 12:41:28,534 INFO Job job_with_error started
2023-07-28 12:41:28,536 INFO Start job_with_error
2023-07-28 12:41:28,536 INFO Start job_with_error
2023-07-28 12:41:28,536 INFO Start job_with_error
